<html>
<head>
<title>TestNG:  Default test</title>
<link href="../testng.css" rel="stylesheet" type="text/css" />
<link href="../my-testng.css" rel="stylesheet" type="text/css" />

<style type="text/css">
.log { display: none;} 
.stack-trace { display: none;} 
</style>
<script type="text/javascript">
<!--
function flip(e) {
  current = e.style.display;
  if (current == 'block') {
    e.style.display = 'none';
    return 0;
  }
  else {
    e.style.display = 'block';
    return 1;
  }
}

function toggleBox(szDivId, elem, msg1, msg2)
{
  var res = -1;  if (document.getElementById) {
    res = flip(document.getElementById(szDivId));
  }
  else if (document.all) {
    // this is the way old msie versions work
    res = flip(document.all[szDivId]);
  }
  if(elem) {
    if(res == 0) elem.innerHTML = msg1; else elem.innerHTML = msg2;
  }

}

function toggleAllBoxes() {
  if (document.getElementsByTagName) {
    d = document.getElementsByTagName('div');
    for (i = 0; i < d.length; i++) {
      if (d[i].className == 'log') {
        flip(d[i]);
      }
    }
  }
}

// -->
</script>

</head>
<body>
<h2 align='center'>Default test</h2><table border='1' align="center">
<tr>
<td>Tests passed/Failed/Skipped:</td><td>4/6/0</td>
</tr><tr>
<td>Started on:</td><td>Thu Dec 08 23:57:36 PST 2022</td>
</tr>
<tr><td>Total time:</td><td>3 seconds (3894 ms)</td>
</tr><tr>
<td>Included groups:</td><td></td>
</tr><tr>
<td>Excluded groups:</td><td></td>
</tr>
</table><p/>
<small><i>(Hover the method name to see the test class name)</i></small><p/>
<table width='100%' border='1' class='invocation-failed'>
<tr><td colspan='4' align='center'><b>FAILED TESTS</b></td></tr>
<tr><td><b>Test method</b></td>
<td width="30%"><b>Exception</b></td>
<td width="10%"><b>Time (seconds)</b></td>
<td><b>Instance</b></td>
</tr>
<tr>
<td title='com.users.api.runner.TestRunner.runScenario()'><b>runScenario</b><br>Test class: com.users.api.runner.TestRunner<br>Test method: Runs Cucumber Scenarios<br>Parameters: "Delete the user", "Perform delete operations"</td>
<td><div><pre>java.lang.AssertionError: expected [200] but found [404]
	at org.testng.Assert.fail(Assert.java:96)
	at org.testng.Assert.failNotEquals(Assert.java:776)
	at org.testng.Assert.assertEqualsImpl(Assert.java:137)
	at org.testng.Assert.assertEquals(Assert.java:118)
	at org.testng.Assert.assertEquals(Assert.java:652)
	at org.testng.Assert.assertEquals(Assert.java:662)
	at com.users.api.stepdefinitions.TestDeleteUsers.verify_the_status_code(TestDeleteUsers.java:24)
	at ?.verify the status code 200(file:///C:/Users/Syed%20Danish/eclipse-workspace/RestassuredBDDPractice/src/test/resources/com/users/api/features/Delete.feature:5)
</pre></div><a href='#' onClick='toggleBox("stack-trace2020602315", this, "Click to show all stack frames", "Click to hide stack frames")'>Click to show all stack frames</a>
<div class='stack-trace' id='stack-trace2020602315'><pre>java.lang.AssertionError: expected [200] but found [404]
	at org.testng.Assert.fail(Assert.java:96)
	at org.testng.Assert.failNotEquals(Assert.java:776)
	at org.testng.Assert.assertEqualsImpl(Assert.java:137)
	at org.testng.Assert.assertEquals(Assert.java:118)
	at org.testng.Assert.assertEquals(Assert.java:652)
	at org.testng.Assert.assertEquals(Assert.java:662)
	at com.users.api.stepdefinitions.TestDeleteUsers.verify_the_status_code(TestDeleteUsers.java:24)
	at ?.verify the status code 200(file:///C:/Users/Syed%20Danish/eclipse-workspace/RestassuredBDDPractice/src/test/resources/com/users/api/features/Delete.feature:5)
</pre></div></td>
<td>2</td>
<td>com.users.api.runner.TestRunner@2e6a8155</td></tr>
<tr>
<td title='com.users.api.runner.TestRunner.runScenario()'><b>runScenario</b><br>Test class: com.users.api.runner.TestRunner<br>Test method: Runs Cucumber Scenarios<br>Parameters: "Create a new user", "Perform post operations"</td>
<td><div><pre>java.lang.AssertionError: expected [500] but found [201]
	at org.testng.Assert.fail(Assert.java:96)
	at org.testng.Assert.failNotEquals(Assert.java:776)
	at org.testng.Assert.assertEqualsImpl(Assert.java:137)
	at org.testng.Assert.assertEquals(Assert.java:118)
	at org.testng.Assert.assertEquals(Assert.java:652)
	at org.testng.Assert.assertEquals(Assert.java:662)
	at com.users.api.stepdefinitions.TestPostUsers.the_status_code_should(TestPostUsers.java:23)
	at ?.the status code should 201(file:///C:/Users/Syed%20Danish/eclipse-workspace/RestassuredBDDPractice/src/test/resources/com/users/api/features/PostUser.feature:5)
</pre></div><a href='#' onClick='toggleBox("stack-trace233142783", this, "Click to show all stack frames", "Click to hide stack frames")'>Click to show all stack frames</a>
<div class='stack-trace' id='stack-trace233142783'><pre>java.lang.AssertionError: expected [500] but found [201]
	at org.testng.Assert.fail(Assert.java:96)
	at org.testng.Assert.failNotEquals(Assert.java:776)
	at org.testng.Assert.assertEqualsImpl(Assert.java:137)
	at org.testng.Assert.assertEquals(Assert.java:118)
	at org.testng.Assert.assertEquals(Assert.java:652)
	at org.testng.Assert.assertEquals(Assert.java:662)
	at com.users.api.stepdefinitions.TestPostUsers.the_status_code_should(TestPostUsers.java:23)
	at ?.the status code should 201(file:///C:/Users/Syed%20Danish/eclipse-workspace/RestassuredBDDPractice/src/test/resources/com/users/api/features/PostUser.feature:5)
</pre></div></td>
<td>0</td>
<td>com.users.api.runner.TestRunner@2e6a8155</td></tr>
<tr>
<td title='com.users.api.runner.TestRunner.runScenario()'><b>runScenario</b><br>Test class: com.users.api.runner.TestRunner<br>Test method: Runs Cucumber Scenarios<br>Parameters: "Create a new user", "Perform post operations"</td>
<td><div><pre>java.lang.AssertionError: expected [500] but found [201]
	at org.testng.Assert.fail(Assert.java:96)
	at org.testng.Assert.failNotEquals(Assert.java:776)
	at org.testng.Assert.assertEqualsImpl(Assert.java:137)
	at org.testng.Assert.assertEquals(Assert.java:118)
	at org.testng.Assert.assertEquals(Assert.java:652)
	at org.testng.Assert.assertEquals(Assert.java:662)
	at com.users.api.stepdefinitions.TestPostUsers.the_status_code_should(TestPostUsers.java:23)
	at ?.the status code should 201(file:///C:/Users/Syed%20Danish/eclipse-workspace/RestassuredBDDPractice/src/test/resources/com/users/api/features/PostUser.feature:5)
</pre></div><a href='#' onClick='toggleBox("stack-trace833272193", this, "Click to show all stack frames", "Click to hide stack frames")'>Click to show all stack frames</a>
<div class='stack-trace' id='stack-trace833272193'><pre>java.lang.AssertionError: expected [500] but found [201]
	at org.testng.Assert.fail(Assert.java:96)
	at org.testng.Assert.failNotEquals(Assert.java:776)
	at org.testng.Assert.assertEqualsImpl(Assert.java:137)
	at org.testng.Assert.assertEquals(Assert.java:118)
	at org.testng.Assert.assertEquals(Assert.java:652)
	at org.testng.Assert.assertEquals(Assert.java:662)
	at com.users.api.stepdefinitions.TestPostUsers.the_status_code_should(TestPostUsers.java:23)
	at ?.the status code should 201(file:///C:/Users/Syed%20Danish/eclipse-workspace/RestassuredBDDPractice/src/test/resources/com/users/api/features/PostUser.feature:5)
</pre></div></td>
<td>0</td>
<td>com.users.api.runner.TestRunner@2e6a8155</td></tr>
<tr>
<td title='com.users.api.runner.TestRunner.runScenario()'><b>runScenario</b><br>Test class: com.users.api.runner.TestRunner<br>Test method: Runs Cucumber Scenarios<br>Parameters: "Create a new user", "Perform post operations"</td>
<td><div><pre>java.lang.AssertionError: expected [500] but found [201]
	at org.testng.Assert.fail(Assert.java:96)
	at org.testng.Assert.failNotEquals(Assert.java:776)
	at org.testng.Assert.assertEqualsImpl(Assert.java:137)
	at org.testng.Assert.assertEquals(Assert.java:118)
	at org.testng.Assert.assertEquals(Assert.java:652)
	at org.testng.Assert.assertEquals(Assert.java:662)
	at com.users.api.stepdefinitions.TestPostUsers.the_status_code_should(TestPostUsers.java:23)
	at ?.the status code should 201(file:///C:/Users/Syed%20Danish/eclipse-workspace/RestassuredBDDPractice/src/test/resources/com/users/api/features/PostUser.feature:5)
</pre></div><a href='#' onClick='toggleBox("stack-trace95476731", this, "Click to show all stack frames", "Click to hide stack frames")'>Click to show all stack frames</a>
<div class='stack-trace' id='stack-trace95476731'><pre>java.lang.AssertionError: expected [500] but found [201]
	at org.testng.Assert.fail(Assert.java:96)
	at org.testng.Assert.failNotEquals(Assert.java:776)
	at org.testng.Assert.assertEqualsImpl(Assert.java:137)
	at org.testng.Assert.assertEquals(Assert.java:118)
	at org.testng.Assert.assertEquals(Assert.java:652)
	at org.testng.Assert.assertEquals(Assert.java:662)
	at com.users.api.stepdefinitions.TestPostUsers.the_status_code_should(TestPostUsers.java:23)
	at ?.the status code should 201(file:///C:/Users/Syed%20Danish/eclipse-workspace/RestassuredBDDPractice/src/test/resources/com/users/api/features/PostUser.feature:5)
</pre></div></td>
<td>0</td>
<td>com.users.api.runner.TestRunner@2e6a8155</td></tr>
<tr>
<td title='com.users.api.runner.TestRunner.runScenario()'><b>runScenario</b><br>Test class: com.users.api.runner.TestRunner<br>Test method: Runs Cucumber Scenarios<br>Parameters: "Create a new user", "Perform post operations"</td>
<td><div><pre>java.lang.AssertionError: expected [500] but found [201]
	at org.testng.Assert.fail(Assert.java:96)
	at org.testng.Assert.failNotEquals(Assert.java:776)
	at org.testng.Assert.assertEqualsImpl(Assert.java:137)
	at org.testng.Assert.assertEquals(Assert.java:118)
	at org.testng.Assert.assertEquals(Assert.java:652)
	at org.testng.Assert.assertEquals(Assert.java:662)
	at com.users.api.stepdefinitions.TestPostUsers.the_status_code_should(TestPostUsers.java:23)
	at ?.the status code should 201(file:///C:/Users/Syed%20Danish/eclipse-workspace/RestassuredBDDPractice/src/test/resources/com/users/api/features/PostUser.feature:5)
</pre></div><a href='#' onClick='toggleBox("stack-trace190490203", this, "Click to show all stack frames", "Click to hide stack frames")'>Click to show all stack frames</a>
<div class='stack-trace' id='stack-trace190490203'><pre>java.lang.AssertionError: expected [500] but found [201]
	at org.testng.Assert.fail(Assert.java:96)
	at org.testng.Assert.failNotEquals(Assert.java:776)
	at org.testng.Assert.assertEqualsImpl(Assert.java:137)
	at org.testng.Assert.assertEquals(Assert.java:118)
	at org.testng.Assert.assertEquals(Assert.java:652)
	at org.testng.Assert.assertEquals(Assert.java:662)
	at com.users.api.stepdefinitions.TestPostUsers.the_status_code_should(TestPostUsers.java:23)
	at ?.the status code should 201(file:///C:/Users/Syed%20Danish/eclipse-workspace/RestassuredBDDPractice/src/test/resources/com/users/api/features/PostUser.feature:5)
</pre></div></td>
<td>0</td>
<td>com.users.api.runner.TestRunner@2e6a8155</td></tr>
<tr>
<td title='com.users.api.runner.TestRunner.runScenario()'><b>runScenario</b><br>Test class: com.users.api.runner.TestRunner<br>Test method: Runs Cucumber Scenarios<br>Parameters: "Create a new user", "Perform post operations"</td>
<td><div><pre>java.lang.AssertionError: expected [500] but found [201]
	at org.testng.Assert.fail(Assert.java:96)
	at org.testng.Assert.failNotEquals(Assert.java:776)
	at org.testng.Assert.assertEqualsImpl(Assert.java:137)
	at org.testng.Assert.assertEquals(Assert.java:118)
	at org.testng.Assert.assertEquals(Assert.java:652)
	at org.testng.Assert.assertEquals(Assert.java:662)
	at com.users.api.stepdefinitions.TestPostUsers.the_status_code_should(TestPostUsers.java:23)
	at ?.the status code should 201(file:///C:/Users/Syed%20Danish/eclipse-workspace/RestassuredBDDPractice/src/test/resources/com/users/api/features/PostUser.feature:5)
</pre></div><a href='#' onClick='toggleBox("stack-trace170611939", this, "Click to show all stack frames", "Click to hide stack frames")'>Click to show all stack frames</a>
<div class='stack-trace' id='stack-trace170611939'><pre>java.lang.AssertionError: expected [500] but found [201]
	at org.testng.Assert.fail(Assert.java:96)
	at org.testng.Assert.failNotEquals(Assert.java:776)
	at org.testng.Assert.assertEqualsImpl(Assert.java:137)
	at org.testng.Assert.assertEquals(Assert.java:118)
	at org.testng.Assert.assertEquals(Assert.java:652)
	at org.testng.Assert.assertEquals(Assert.java:662)
	at com.users.api.stepdefinitions.TestPostUsers.the_status_code_should(TestPostUsers.java:23)
	at ?.the status code should 201(file:///C:/Users/Syed%20Danish/eclipse-workspace/RestassuredBDDPractice/src/test/resources/com/users/api/features/PostUser.feature:5)
</pre></div></td>
<td>0</td>
<td>com.users.api.runner.TestRunner@2e6a8155</td></tr>
</table><p>
<table width='100%' border='1' class='invocation-passed'>
<tr><td colspan='4' align='center'><b>PASSED TESTS</b></td></tr>
<tr><td><b>Test method</b></td>
<td width="30%"><b>Exception</b></td>
<td width="10%"><b>Time (seconds)</b></td>
<td><b>Instance</b></td>
</tr>
<tr>
<td title='com.users.api.runner.TestRunner.runScenario()'><b>runScenario</b><br>Test class: com.users.api.runner.TestRunner<br>Test method: Runs Cucumber Scenarios<br>Parameters: "Verify the single user", "Perform get user opertations"</td>
<td></td>
<td>0</td>
<td>com.users.api.runner.TestRunner@2e6a8155</td></tr>
<tr>
<td title='com.users.api.runner.TestRunner.runScenario()'><b>runScenario</b><br>Test class: com.users.api.runner.TestRunner<br>Test method: Runs Cucumber Scenarios<br>Parameters: "Verify the count of users", "Perform get user opertations"</td>
<td></td>
<td>0</td>
<td>com.users.api.runner.TestRunner@2e6a8155</td></tr>
<tr>
<td title='com.users.api.runner.TestRunner.runScenario()'><b>runScenario</b><br>Test class: com.users.api.runner.TestRunner<br>Test method: Runs Cucumber Scenarios<br>Parameters: "Verify the email address of the user", "Perform get user opertations"</td>
<td></td>
<td>0</td>
<td>com.users.api.runner.TestRunner@2e6a8155</td></tr>
<tr>
<td title='com.users.api.runner.TestRunner.runScenario()'><b>runScenario</b><br>Test class: com.users.api.runner.TestRunner<br>Test method: Runs Cucumber Scenarios<br>Parameters: "Validate the json schema", "Perform get user opertations"</td>
<td></td>
<td>0</td>
<td>com.users.api.runner.TestRunner@2e6a8155</td></tr>
</table><p>
</body>
</html>