<?xml version="1.0" encoding="UTF-8"?>
<!-- Generated by org.testng.reporters.JUnitXMLReporter -->
<testsuite ignored="0" hostname="SD" failures="6" tests="10" name="Default test" time="3.894" errors="0" timestamp="09 Dec 2022 07:57:40 GMT">
  <testcase classname="io.cucumber.testng.AbstractTestNGCucumberTests" name="runScenario" time="2.235">
    <failure type="java.lang.AssertionError" message="expected [200] but found [404]">
      <![CDATA[java.lang.AssertionError: expected [200] but found [404]
at org.testng.Assert.fail(Assert.java:96)
at org.testng.Assert.failNotEquals(Assert.java:776)
at org.testng.Assert.assertEqualsImpl(Assert.java:137)
at org.testng.Assert.assertEquals(Assert.java:118)
at org.testng.Assert.assertEquals(Assert.java:652)
at org.testng.Assert.assertEquals(Assert.java:662)
at com.users.api.stepdefinitions.TestDeleteUsers.verify_the_status_code(TestDeleteUsers.java:24)
at ✽.verify the status code 200(file:///C:/Users/Syed%20Danish/eclipse-workspace/RestassuredBDDPractice/src/test/resources/com/users/api/features/Delete.feature:5)
]]>
    </failure>
  </testcase> <!-- runScenario -->
  <testcase classname="io.cucumber.testng.AbstractTestNGCucumberTests" name="runScenario" time="0.341"/>
  <testcase classname="io.cucumber.testng.AbstractTestNGCucumberTests" name="runScenario" time="0.08"/>
  <testcase classname="io.cucumber.testng.AbstractTestNGCucumberTests" name="runScenario" time="0.049"/>
  <testcase classname="io.cucumber.testng.AbstractTestNGCucumberTests" name="runScenario" time="0.315"/>
  <testcase classname="io.cucumber.testng.AbstractTestNGCucumberTests" name="runScenario" time="0.163">
    <failure type="java.lang.AssertionError" message="expected [500] but found [201]">
      <![CDATA[java.lang.AssertionError: expected [500] but found [201]
at org.testng.Assert.fail(Assert.java:96)
at org.testng.Assert.failNotEquals(Assert.java:776)
at org.testng.Assert.assertEqualsImpl(Assert.java:137)
at org.testng.Assert.assertEquals(Assert.java:118)
at org.testng.Assert.assertEquals(Assert.java:652)
at org.testng.Assert.assertEquals(Assert.java:662)
at com.users.api.stepdefinitions.TestPostUsers.the_status_code_should(TestPostUsers.java:23)
at ✽.the status code should 201(file:///C:/Users/Syed%20Danish/eclipse-workspace/RestassuredBDDPractice/src/test/resources/com/users/api/features/PostUser.feature:5)
]]>
    </failure>
  </testcase> <!-- runScenario -->
  <testcase classname="io.cucumber.testng.AbstractTestNGCucumberTests" name="runScenario" time="0.041">
    <failure type="java.lang.AssertionError" message="expected [500] but found [201]">
      <![CDATA[java.lang.AssertionError: expected [500] but found [201]
at org.testng.Assert.fail(Assert.java:96)
at org.testng.Assert.failNotEquals(Assert.java:776)
at org.testng.Assert.assertEqualsImpl(Assert.java:137)
at org.testng.Assert.assertEquals(Assert.java:118)
at org.testng.Assert.assertEquals(Assert.java:652)
at org.testng.Assert.assertEquals(Assert.java:662)
at com.users.api.stepdefinitions.TestPostUsers.the_status_code_should(TestPostUsers.java:23)
at ✽.the status code should 201(file:///C:/Users/Syed%20Danish/eclipse-workspace/RestassuredBDDPractice/src/test/resources/com/users/api/features/PostUser.feature:5)
]]>
    </failure>
  </testcase> <!-- runScenario -->
  <testcase classname="io.cucumber.testng.AbstractTestNGCucumberTests" name="runScenario" time="0.058">
    <failure type="java.lang.AssertionError" message="expected [500] but found [201]">
      <![CDATA[java.lang.AssertionError: expected [500] but found [201]
at org.testng.Assert.fail(Assert.java:96)
at org.testng.Assert.failNotEquals(Assert.java:776)
at org.testng.Assert.assertEqualsImpl(Assert.java:137)
at org.testng.Assert.assertEquals(Assert.java:118)
at org.testng.Assert.assertEquals(Assert.java:652)
at org.testng.Assert.assertEquals(Assert.java:662)
at com.users.api.stepdefinitions.TestPostUsers.the_status_code_should(TestPostUsers.java:23)
at ✽.the status code should 201(file:///C:/Users/Syed%20Danish/eclipse-workspace/RestassuredBDDPractice/src/test/resources/com/users/api/features/PostUser.feature:5)
]]>
    </failure>
  </testcase> <!-- runScenario -->
  <testcase classname="io.cucumber.testng.AbstractTestNGCucumberTests" name="runScenario" time="0.052">
    <failure type="java.lang.AssertionError" message="expected [500] but found [201]">
      <![CDATA[java.lang.AssertionError: expected [500] but found [201]
at org.testng.Assert.fail(Assert.java:96)
at org.testng.Assert.failNotEquals(Assert.java:776)
at org.testng.Assert.assertEqualsImpl(Assert.java:137)
at org.testng.Assert.assertEquals(Assert.java:118)
at org.testng.Assert.assertEquals(Assert.java:652)
at org.testng.Assert.assertEquals(Assert.java:662)
at com.users.api.stepdefinitions.TestPostUsers.the_status_code_should(TestPostUsers.java:23)
at ✽.the status code should 201(file:///C:/Users/Syed%20Danish/eclipse-workspace/RestassuredBDDPractice/src/test/resources/com/users/api/features/PostUser.feature:5)
]]>
    </failure>
  </testcase> <!-- runScenario -->
  <testcase classname="io.cucumber.testng.AbstractTestNGCucumberTests" name="runScenario" time="0.043">
    <failure type="java.lang.AssertionError" message="expected [500] but found [201]">
      <![CDATA[java.lang.AssertionError: expected [500] but found [201]
at org.testng.Assert.fail(Assert.java:96)
at org.testng.Assert.failNotEquals(Assert.java:776)
at org.testng.Assert.assertEqualsImpl(Assert.java:137)
at org.testng.Assert.assertEquals(Assert.java:118)
at org.testng.Assert.assertEquals(Assert.java:652)
at org.testng.Assert.assertEquals(Assert.java:662)
at com.users.api.stepdefinitions.TestPostUsers.the_status_code_should(TestPostUsers.java:23)
at ✽.the status code should 201(file:///C:/Users/Syed%20Danish/eclipse-workspace/RestassuredBDDPractice/src/test/resources/com/users/api/features/PostUser.feature:5)
]]>
    </failure>
  </testcase> <!-- runScenario -->
</testsuite> <!-- Default test -->
