<?xml version="1.0" encoding="UTF-8"?>
<testng-results ignored="0" total="10" passed="4" failed="6" skipped="0">
  <reporter-output>
  </reporter-output>
  <suite started-at="2022-12-09T07:57:36Z" name="Default suite" finished-at="2022-12-09T07:57:40Z" duration-ms="3894">
    <groups>
      <group name="cucumber">
        <method signature="AbstractTestNGCucumberTests.runScenario(io.cucumber.testng.PickleWrapper, io.cucumber.testng.FeatureWrapper)[pri:0, instance:com.users.api.runner.TestRunner@2e6a8155]" name="runScenario" class="io.cucumber.testng.AbstractTestNGCucumberTests"/>
      </group> <!-- cucumber -->
    </groups>
    <test started-at="2022-12-09T07:57:36Z" name="Default test" finished-at="2022-12-09T07:57:40Z" duration-ms="3894">
      <class name="com.users.api.runner.TestRunner">
        <test-method is-config="true" signature="beforeSuite()[pri:0, instance:com.users.api.runner.TestRunner@2e6a8155]" started-at="2022-12-09T07:57:36Z" name="beforeSuite" finished-at="2022-12-09T07:57:36Z" duration-ms="21" status="PASS">
          <reporter-output>
          </reporter-output>
        </test-method> <!-- beforeSuite -->
        <test-method is-config="true" signature="setUpClass(org.testng.ITestContext)[pri:0, instance:com.users.api.runner.TestRunner@2e6a8155]" started-at="2022-12-09T07:57:36Z" name="setUpClass" finished-at="2022-12-09T07:57:36Z" duration-ms="335" status="PASS">
          <params>
            <param index="0">
              <value>
                <![CDATA[org.testng.TestRunner@637c840d]]>
              </value>
            </param>
          </params>
          <reporter-output>
          </reporter-output>
        </test-method> <!-- setUpClass -->
        <test-method signature="runScenario(io.cucumber.testng.PickleWrapper, io.cucumber.testng.FeatureWrapper)[pri:0, instance:com.users.api.runner.TestRunner@2e6a8155]" started-at="2022-12-09T07:57:36Z" name="runScenario" description="Runs Cucumber Scenarios" data-provider="scenarios" finished-at="2022-12-09T07:57:38Z" duration-ms="2235" status="FAIL">
          <params>
            <param index="0">
              <value>
                <![CDATA["Delete the user"]]>
              </value>
            </param>
            <param index="1">
              <value>
                <![CDATA["Perform delete operations"]]>
              </value>
            </param>
          </params>
          <exception class="java.lang.AssertionError">
            <message>
              <![CDATA[expected [200] but found [404]]]>
            </message>
            <full-stacktrace>
              <![CDATA[java.lang.AssertionError: expected [200] but found [404]
at org.testng.Assert.fail(Assert.java:96)
at org.testng.Assert.failNotEquals(Assert.java:776)
at org.testng.Assert.assertEqualsImpl(Assert.java:137)
at org.testng.Assert.assertEquals(Assert.java:118)
at org.testng.Assert.assertEquals(Assert.java:652)
at org.testng.Assert.assertEquals(Assert.java:662)
at com.users.api.stepdefinitions.TestDeleteUsers.verify_the_status_code(TestDeleteUsers.java:24)
at ✽.verify the status code 200(file:///C:/Users/Syed%20Danish/eclipse-workspace/RestassuredBDDPractice/src/test/resources/com/users/api/features/Delete.feature:5)
]]>
            </full-stacktrace>
          </exception> <!-- java.lang.AssertionError -->
          <reporter-output>
          </reporter-output>
        </test-method> <!-- runScenario -->
        <test-method signature="runScenario(io.cucumber.testng.PickleWrapper, io.cucumber.testng.FeatureWrapper)[pri:0, instance:com.users.api.runner.TestRunner@2e6a8155]" started-at="2022-12-09T07:57:38Z" name="runScenario" description="Runs Cucumber Scenarios" data-provider="scenarios" finished-at="2022-12-09T07:57:39Z" duration-ms="341" status="PASS">
          <params>
            <param index="0">
              <value>
                <![CDATA["Verify the single user"]]>
              </value>
            </param>
            <param index="1">
              <value>
                <![CDATA["Perform get user opertations"]]>
              </value>
            </param>
          </params>
          <reporter-output>
          </reporter-output>
        </test-method> <!-- runScenario -->
        <test-method signature="runScenario(io.cucumber.testng.PickleWrapper, io.cucumber.testng.FeatureWrapper)[pri:0, instance:com.users.api.runner.TestRunner@2e6a8155]" started-at="2022-12-09T07:57:39Z" name="runScenario" description="Runs Cucumber Scenarios" data-provider="scenarios" finished-at="2022-12-09T07:57:39Z" duration-ms="80" status="PASS">
          <params>
            <param index="0">
              <value>
                <![CDATA["Verify the count of users"]]>
              </value>
            </param>
            <param index="1">
              <value>
                <![CDATA["Perform get user opertations"]]>
              </value>
            </param>
          </params>
          <reporter-output>
          </reporter-output>
        </test-method> <!-- runScenario -->
        <test-method signature="runScenario(io.cucumber.testng.PickleWrapper, io.cucumber.testng.FeatureWrapper)[pri:0, instance:com.users.api.runner.TestRunner@2e6a8155]" started-at="2022-12-09T07:57:39Z" name="runScenario" description="Runs Cucumber Scenarios" data-provider="scenarios" finished-at="2022-12-09T07:57:39Z" duration-ms="49" status="PASS">
          <params>
            <param index="0">
              <value>
                <![CDATA["Verify the email address of the user"]]>
              </value>
            </param>
            <param index="1">
              <value>
                <![CDATA["Perform get user opertations"]]>
              </value>
            </param>
          </params>
          <reporter-output>
          </reporter-output>
        </test-method> <!-- runScenario -->
        <test-method signature="runScenario(io.cucumber.testng.PickleWrapper, io.cucumber.testng.FeatureWrapper)[pri:0, instance:com.users.api.runner.TestRunner@2e6a8155]" started-at="2022-12-09T07:57:39Z" name="runScenario" description="Runs Cucumber Scenarios" data-provider="scenarios" finished-at="2022-12-09T07:57:39Z" duration-ms="315" status="PASS">
          <params>
            <param index="0">
              <value>
                <![CDATA["Validate the json schema"]]>
              </value>
            </param>
            <param index="1">
              <value>
                <![CDATA["Perform get user opertations"]]>
              </value>
            </param>
          </params>
          <reporter-output>
          </reporter-output>
        </test-method> <!-- runScenario -->
        <test-method signature="runScenario(io.cucumber.testng.PickleWrapper, io.cucumber.testng.FeatureWrapper)[pri:0, instance:com.users.api.runner.TestRunner@2e6a8155]" started-at="2022-12-09T07:57:39Z" name="runScenario" description="Runs Cucumber Scenarios" data-provider="scenarios" finished-at="2022-12-09T07:57:39Z" duration-ms="163" status="FAIL">
          <params>
            <param index="0">
              <value>
                <![CDATA["Create a new user"]]>
              </value>
            </param>
            <param index="1">
              <value>
                <![CDATA["Perform post operations"]]>
              </value>
            </param>
          </params>
          <exception class="java.lang.AssertionError">
            <message>
              <![CDATA[expected [500] but found [201]]]>
            </message>
            <full-stacktrace>
              <![CDATA[java.lang.AssertionError: expected [500] but found [201]
at org.testng.Assert.fail(Assert.java:96)
at org.testng.Assert.failNotEquals(Assert.java:776)
at org.testng.Assert.assertEqualsImpl(Assert.java:137)
at org.testng.Assert.assertEquals(Assert.java:118)
at org.testng.Assert.assertEquals(Assert.java:652)
at org.testng.Assert.assertEquals(Assert.java:662)
at com.users.api.stepdefinitions.TestPostUsers.the_status_code_should(TestPostUsers.java:23)
at ✽.the status code should 201(file:///C:/Users/Syed%20Danish/eclipse-workspace/RestassuredBDDPractice/src/test/resources/com/users/api/features/PostUser.feature:5)
]]>
            </full-stacktrace>
          </exception> <!-- java.lang.AssertionError -->
          <reporter-output>
          </reporter-output>
        </test-method> <!-- runScenario -->
        <test-method signature="runScenario(io.cucumber.testng.PickleWrapper, io.cucumber.testng.FeatureWrapper)[pri:0, instance:com.users.api.runner.TestRunner@2e6a8155]" started-at="2022-12-09T07:57:39Z" name="runScenario" description="Runs Cucumber Scenarios" data-provider="scenarios" finished-at="2022-12-09T07:57:39Z" duration-ms="41" status="FAIL">
          <params>
            <param index="0">
              <value>
                <![CDATA["Create a new user"]]>
              </value>
            </param>
            <param index="1">
              <value>
                <![CDATA["Perform post operations"]]>
              </value>
            </param>
          </params>
          <exception class="java.lang.AssertionError">
            <message>
              <![CDATA[expected [500] but found [201]]]>
            </message>
            <full-stacktrace>
              <![CDATA[java.lang.AssertionError: expected [500] but found [201]
at org.testng.Assert.fail(Assert.java:96)
at org.testng.Assert.failNotEquals(Assert.java:776)
at org.testng.Assert.assertEqualsImpl(Assert.java:137)
at org.testng.Assert.assertEquals(Assert.java:118)
at org.testng.Assert.assertEquals(Assert.java:652)
at org.testng.Assert.assertEquals(Assert.java:662)
at com.users.api.stepdefinitions.TestPostUsers.the_status_code_should(TestPostUsers.java:23)
at ✽.the status code should 201(file:///C:/Users/Syed%20Danish/eclipse-workspace/RestassuredBDDPractice/src/test/resources/com/users/api/features/PostUser.feature:5)
]]>
            </full-stacktrace>
          </exception> <!-- java.lang.AssertionError -->
          <reporter-output>
          </reporter-output>
        </test-method> <!-- runScenario -->
        <test-method signature="runScenario(io.cucumber.testng.PickleWrapper, io.cucumber.testng.FeatureWrapper)[pri:0, instance:com.users.api.runner.TestRunner@2e6a8155]" started-at="2022-12-09T07:57:39Z" name="runScenario" description="Runs Cucumber Scenarios" data-provider="scenarios" finished-at="2022-12-09T07:57:39Z" duration-ms="58" status="FAIL">
          <params>
            <param index="0">
              <value>
                <![CDATA["Create a new user"]]>
              </value>
            </param>
            <param index="1">
              <value>
                <![CDATA["Perform post operations"]]>
              </value>
            </param>
          </params>
          <exception class="java.lang.AssertionError">
            <message>
              <![CDATA[expected [500] but found [201]]]>
            </message>
            <full-stacktrace>
              <![CDATA[java.lang.AssertionError: expected [500] but found [201]
at org.testng.Assert.fail(Assert.java:96)
at org.testng.Assert.failNotEquals(Assert.java:776)
at org.testng.Assert.assertEqualsImpl(Assert.java:137)
at org.testng.Assert.assertEquals(Assert.java:118)
at org.testng.Assert.assertEquals(Assert.java:652)
at org.testng.Assert.assertEquals(Assert.java:662)
at com.users.api.stepdefinitions.TestPostUsers.the_status_code_should(TestPostUsers.java:23)
at ✽.the status code should 201(file:///C:/Users/Syed%20Danish/eclipse-workspace/RestassuredBDDPractice/src/test/resources/com/users/api/features/PostUser.feature:5)
]]>
            </full-stacktrace>
          </exception> <!-- java.lang.AssertionError -->
          <reporter-output>
          </reporter-output>
        </test-method> <!-- runScenario -->
        <test-method signature="runScenario(io.cucumber.testng.PickleWrapper, io.cucumber.testng.FeatureWrapper)[pri:0, instance:com.users.api.runner.TestRunner@2e6a8155]" started-at="2022-12-09T07:57:39Z" name="runScenario" description="Runs Cucumber Scenarios" data-provider="scenarios" finished-at="2022-12-09T07:57:39Z" duration-ms="52" status="FAIL">
          <params>
            <param index="0">
              <value>
                <![CDATA["Create a new user"]]>
              </value>
            </param>
            <param index="1">
              <value>
                <![CDATA["Perform post operations"]]>
              </value>
            </param>
          </params>
          <exception class="java.lang.AssertionError">
            <message>
              <![CDATA[expected [500] but found [201]]]>
            </message>
            <full-stacktrace>
              <![CDATA[java.lang.AssertionError: expected [500] but found [201]
at org.testng.Assert.fail(Assert.java:96)
at org.testng.Assert.failNotEquals(Assert.java:776)
at org.testng.Assert.assertEqualsImpl(Assert.java:137)
at org.testng.Assert.assertEquals(Assert.java:118)
at org.testng.Assert.assertEquals(Assert.java:652)
at org.testng.Assert.assertEquals(Assert.java:662)
at com.users.api.stepdefinitions.TestPostUsers.the_status_code_should(TestPostUsers.java:23)
at ✽.the status code should 201(file:///C:/Users/Syed%20Danish/eclipse-workspace/RestassuredBDDPractice/src/test/resources/com/users/api/features/PostUser.feature:5)
]]>
            </full-stacktrace>
          </exception> <!-- java.lang.AssertionError -->
          <reporter-output>
          </reporter-output>
        </test-method> <!-- runScenario -->
        <test-method signature="runScenario(io.cucumber.testng.PickleWrapper, io.cucumber.testng.FeatureWrapper)[pri:0, instance:com.users.api.runner.TestRunner@2e6a8155]" started-at="2022-12-09T07:57:39Z" name="runScenario" description="Runs Cucumber Scenarios" data-provider="scenarios" finished-at="2022-12-09T07:57:40Z" duration-ms="43" status="FAIL">
          <params>
            <param index="0">
              <value>
                <![CDATA["Create a new user"]]>
              </value>
            </param>
            <param index="1">
              <value>
                <![CDATA["Perform post operations"]]>
              </value>
            </param>
          </params>
          <exception class="java.lang.AssertionError">
            <message>
              <![CDATA[expected [500] but found [201]]]>
            </message>
            <full-stacktrace>
              <![CDATA[java.lang.AssertionError: expected [500] but found [201]
at org.testng.Assert.fail(Assert.java:96)
at org.testng.Assert.failNotEquals(Assert.java:776)
at org.testng.Assert.assertEqualsImpl(Assert.java:137)
at org.testng.Assert.assertEquals(Assert.java:118)
at org.testng.Assert.assertEquals(Assert.java:652)
at org.testng.Assert.assertEquals(Assert.java:662)
at com.users.api.stepdefinitions.TestPostUsers.the_status_code_should(TestPostUsers.java:23)
at ✽.the status code should 201(file:///C:/Users/Syed%20Danish/eclipse-workspace/RestassuredBDDPractice/src/test/resources/com/users/api/features/PostUser.feature:5)
]]>
            </full-stacktrace>
          </exception> <!-- java.lang.AssertionError -->
          <reporter-output>
          </reporter-output>
        </test-method> <!-- runScenario -->
        <test-method is-config="true" signature="tearDownClass()[pri:0, instance:com.users.api.runner.TestRunner@2e6a8155]" started-at="2022-12-09T07:57:40Z" name="tearDownClass" finished-at="2022-12-09T07:57:40Z" duration-ms="8" status="PASS">
          <reporter-output>
          </reporter-output>
        </test-method> <!-- tearDownClass -->
      </class> <!-- com.users.api.runner.TestRunner -->
    </test> <!-- Default test -->
  </suite> <!-- Default suite -->
</testng-results>
